c:\users\xalda\documents\visual studio 2017\projects\flowsolver\consoleapplication1\debug\consoleapplication1.pch
c:\users\xalda\documents\visual studio 2017\projects\flowsolver\consoleapplication1\debug\vc141.pdb
c:\users\xalda\documents\visual studio 2017\projects\flowsolver\consoleapplication1\debug\vc141.idb
c:\users\xalda\documents\visual studio 2017\projects\flowsolver\consoleapplication1\debug\stdafx.obj
c:\users\xalda\documents\visual studio 2017\projects\flowsolver\consoleapplication1\debug\constcontain.obj
c:\users\xalda\documents\visual studio 2017\projects\flowsolver\consoleapplication1\debug\constantinputs.obj
c:\users\xalda\documents\visual studio 2017\projects\flowsolver\consoleapplication1\debug\consoleapplication1.obj
c:\users\xalda\documents\visual studio 2017\projects\flowsolver\consoleapplication1\debug\mesh.obj
c:\users\xalda\documents\visual studio 2017\projects\flowsolver\consoleapplication1\debug\pmesh.obj
c:\users\xalda\documents\visual studio 2017\projects\flowsolver\consoleapplication1\debug\vmesh.obj
c:\users\xalda\documents\visual studio 2017\projects\flowsolver\debug\consoleapplication1.ilk
c:\users\xalda\documents\visual studio 2017\projects\flowsolver\debug\consoleapplication1.exe
c:\users\xalda\documents\visual studio 2017\projects\flowsolver\debug\consoleapplication1.pdb
c:\users\xalda\documents\visual studio 2017\projects\flowsolver\consoleapplication1\debug\mesh.obj.enc
c:\users\xalda\documents\visual studio 2017\projects\flowsolver\consoleapplication1\debug\consolea.a7dd62e3.tlog\cl.command.1.tlog
c:\users\xalda\documents\visual studio 2017\projects\flowsolver\consoleapplication1\debug\consolea.a7dd62e3.tlog\cl.read.1.tlog
c:\users\xalda\documents\visual studio 2017\projects\flowsolver\consoleapplication1\debug\consolea.a7dd62e3.tlog\cl.write.1.tlog
c:\users\xalda\documents\visual studio 2017\projects\flowsolver\consoleapplication1\debug\consolea.a7dd62e3.tlog\link.command.1.tlog
c:\users\xalda\documents\visual studio 2017\projects\flowsolver\consoleapplication1\debug\consolea.a7dd62e3.tlog\link.read.1.tlog
c:\users\xalda\documents\visual studio 2017\projects\flowsolver\consoleapplication1\debug\consolea.a7dd62e3.tlog\link.write.1.tlog
